<?xml version="1.0" encoding="UTF-8"?>
<!-- Generated by org.testng.reporters.JUnitXMLReporter -->
<testsuite hostname="VELINDIA" ignored="0" name="EnglishTest" tests="13" failures="0" timestamp="2021-06-25T09:46:08 IST" time="792.947" errors="0">
  <testcase name="runVerifyHomePage" time="16.06" classname="testcases.LoginTest"/>
  <testcase name="runVerifyFirstName" time="62.729" classname="testcases.CreateLeadTest"/>
  <testcase name="runVerifyDuplicateLeadTitleAndFirstName" time="76.422" classname="testcases.DuplicateLeadTest"/>
  <testcase name="runVerifyFirstName" time="55.241" classname="testcases.CreateLeadTest"/>
  <testcase name="runVerifyDuplicateLeadTitleAndFirstName" time="72.64" classname="testcases.DuplicateLeadTest"/>
  <testcase name="runVerifyFirstName" time="55.485" classname="testcases.CreateLeadTest"/>
  <testcase name="runVerifyDuplicateLeadTitleAndFirstName" time="74.352" classname="testcases.DuplicateLeadTest"/>
  <testcase name="runVerifyContact" time="121.381" classname="testcases.CreateContactTest"/>
  <testcase name="runVerifyLeadDeleted" time="163.876" classname="testcases.DeleteLeadTest"/>
  <testcase name="runVerifyContact" time="181.626" classname="testcases.CreateContactTest"/>
  <testcase name="runVerifyMergedLead" time="196.343" classname="testcases.MergeLeadTest"/>
  <testcase name="runVerifyContact" time="150.847" classname="testcases.CreateContactTest"/>
  <testcase name="runVerifyContact" time="40.277" classname="testcases.CreateContactTest"/>
</testsuite> <!-- EnglishTest -->
