<?xml version="1.0" encoding="UTF-8"?>
<!-- Generated by org.testng.reporters.JUnitXMLReporter -->
<testsuite hostname="VELINDIA" ignored="0" name="FrenchTest" tests="11" failures="0" timestamp="2021-06-25T09:57:24 IST" time="675.191" errors="0">
  <testcase name="runVerifyHomePage" time="9.836" classname="testcases.LoginTest"/>
  <testcase name="runVerifyFirstName" time="47.626" classname="testcases.CreateLeadTest"/>
  <testcase name="runVerifyDuplicateLeadTitleAndFirstName" time="70.161" classname="testcases.DuplicateLeadTest"/>
  <testcase name="runVerifyFirstName" time="49.172" classname="testcases.CreateLeadTest"/>
  <testcase name="runVerifyDuplicateLeadTitleAndFirstName" time="70.902" classname="testcases.DuplicateLeadTest"/>
  <testcase name="runVerifyFirstName" time="46.263" classname="testcases.CreateLeadTest"/>
  <testcase name="runVerifyDuplicateLeadTitleAndFirstName" time="72.599" classname="testcases.DuplicateLeadTest"/>
  <testcase name="runVerifyContact" time="75.061" classname="testcases.CreateContactTest"/>
  <testcase name="runVerifyContact" time="145.219" classname="testcases.CreateContactTest"/>
  <testcase name="runVerifyContact" time="110.435" classname="testcases.CreateContactTest"/>
  <testcase name="runVerifyContact" time="109.552" classname="testcases.CreateContactTest"/>
</testsuite> <!-- FrenchTest -->
