<?xml version="1.0" encoding="UTF-8"?>
<!-- Generated by org.testng.reporters.JUnitXMLReporter -->
<testsuite hostname="VELINDIA" ignored="0" name="POMTest" tests="6" failures="0" timestamp="2021-06-20T19:39:40 IST" time="144.649" errors="0">
  <testcase name="runVerifyHomePage" time="6.121" classname="testcases.LoginTest"/>
  <testcase name="runVerifyHomePage" time="6.755" classname="testcases.LoginTest"/>
  <testcase name="runCreateLead" time="26.52" classname="testcases.CreateLeadTest"/>
  <testcase name="runCreateContact" time="36.47" classname="testcases.CreateContactTest"/>
  <testcase name="runCreateLead" time="45.541" classname="testcases.CreateLeadTest"/>
  <testcase name="runCreateContact" time="47.322" classname="testcases.CreateContactTest"/>
</testsuite> <!-- POMTest -->
